0 info it worked if it ends with ok
1 verbose cli [ 'node', '/usr/local/bin/npm', 'install', '-g', 'node-static' ]
2 info using npm@2.7.4
3 info using node@v0.12.2
4 silly cache add args [ 'node-static', null ]
5 verbose cache add spec node-static
6 silly cache add parsed spec { raw: 'node-static',
6 silly cache add   scope: null,
6 silly cache add   name: 'node-static',
6 silly cache add   rawSpec: '',
6 silly cache add   spec: '*',
6 silly cache add   type: 'range' }
7 verbose addNamed node-static@*
8 silly addNamed semver.valid null
9 silly addNamed semver.validRange *
10 silly addNameRange { name: 'node-static', range: '*', hasData: false }
11 silly mapToRegistry name node-static
12 silly mapToRegistry using default registry
13 silly mapToRegistry registry https://registry.npmjs.org/
14 silly mapToRegistry uri https://registry.npmjs.org/node-static
15 verbose addNameRange registry:https://registry.npmjs.org/node-static not in flight; fetching
16 verbose request uri https://registry.npmjs.org/node-static
17 verbose request no auth needed
18 info attempt registry request try #1 at 23:59:19
19 verbose request id 42fb98751712b037
20 http request GET https://registry.npmjs.org/node-static
21 http 200 https://registry.npmjs.org/node-static
22 silly get cb [ 200,
22 silly get   { date: 'Mon, 06 Apr 2015 02:58:41 GMT',
22 silly get     server: 'CouchDB/1.5.0 (Erlang OTP/R16B03)',
22 silly get     etag: '"4FIYYG0R90FDEUZ7OQ3Y5R6RG"',
22 silly get     'content-type': 'application/json',
22 silly get     'cache-control': 'max-age=60',
22 silly get     'content-length': '31588',
22 silly get     'accept-ranges': 'bytes',
22 silly get     via: '1.1 varnish',
22 silly get     age: '0',
22 silly get     'x-served-by': 'cache-iad2135-IAD',
22 silly get     'x-cache': 'HIT',
22 silly get     'x-cache-hits': '1',
22 silly get     'x-timer': 'S1428289120.945217,VS0,VE85',
22 silly get     vary: 'Accept',
22 silly get     'keep-alive': 'timeout=10, max=50',
22 silly get     connection: 'Keep-Alive' } ]
23 verbose get saving node-static to /Users/gustavodelfim/.npm/registry.npmjs.org/node-static/.cache.json
24 verbose getCacheStat cache creation not in flight; initializing
25 silly addNameRange number 2 { name: 'node-static', range: '*', hasData: true }
26 silly addNameRange versions [ 'node-static',
26 silly addNameRange   [ '0.5.6',
26 silly addNameRange     '0.5.7',
26 silly addNameRange     '0.5.8',
26 silly addNameRange     '0.5.9',
26 silly addNameRange     '0.6.0',
26 silly addNameRange     '0.6.1',
26 silly addNameRange     '0.6.2',
26 silly addNameRange     '0.6.3',
26 silly addNameRange     '0.6.4',
26 silly addNameRange     '0.6.5',
26 silly addNameRange     '0.6.6',
26 silly addNameRange     '0.6.7',
26 silly addNameRange     '0.6.8',
26 silly addNameRange     '0.6.9',
26 silly addNameRange     '0.7.0',
26 silly addNameRange     '0.7.1',
26 silly addNameRange     '0.7.2',
26 silly addNameRange     '0.7.3',
26 silly addNameRange     '0.7.4',
26 silly addNameRange     '0.7.5',
26 silly addNameRange     '0.7.6' ] ]
27 verbose addNamed node-static@0.7.6
28 silly addNamed semver.valid 0.7.6
29 silly addNamed semver.validRange 0.7.6
30 silly mapToRegistry name node-static
31 silly mapToRegistry using default registry
32 silly mapToRegistry registry https://registry.npmjs.org/
33 silly mapToRegistry uri https://registry.npmjs.org/node-static
34 verbose addRemoteTarball https://registry.npmjs.org/node-static/-/node-static-0.7.6.tgz not in flight; adding
35 verbose addRemoteTarball [ 'https://registry.npmjs.org/node-static/-/node-static-0.7.6.tgz',
35 verbose addRemoteTarball   'ac032e40de6881fb5e4dadeed6e1d07d37268380' ]
36 info retry fetch attempt 1 at 23:59:25
37 info attempt registry request try #1 at 23:59:25
38 http fetch GET https://registry.npmjs.org/node-static/-/node-static-0.7.6.tgz
39 http fetch 200 https://registry.npmjs.org/node-static/-/node-static-0.7.6.tgz
40 silly fetchAndShaCheck shasum ac032e40de6881fb5e4dadeed6e1d07d37268380
41 verbose addTmpTarball /var/folders/rx/ppcxrbsn7pz_qwzw21kx2yqh0000gn/T/npm-2108-94ce1285/registry.npmjs.org/node-static/-/node-static-0.7.6.tgz not in flight; adding
42 verbose addTmpTarball already have metadata; skipping unpack for node-static@0.7.6
43 silly cache afterAdd node-static@0.7.6
44 verbose afterAdd /Users/gustavodelfim/.npm/node-static/0.7.6/package/package.json not in flight; writing
45 verbose afterAdd /Users/gustavodelfim/.npm/node-static/0.7.6/package/package.json written
46 silly install resolved [ { name: 'node-static',
46 silly install resolved     description: 'simple, compliant file streaming module for node',
46 silly install resolved     url: 'http://github.com/cloudhead/node-static',
46 silly install resolved     keywords: [ 'http', 'static', 'file', 'server' ],
46 silly install resolved     author: { name: 'Alexis Sellier', email: 'self@cloudhead.net' },
46 silly install resolved     contributors: [ [Object], [Object] ],
46 silly install resolved     repository: { type: 'git', url: 'http://github.com/cloudhead/node-static' },
46 silly install resolved     main: './lib/node-static',
46 silly install resolved     scripts: { test: 'vows --spec --isolate' },
46 silly install resolved     bin: { static: 'bin/cli.js' },
46 silly install resolved     license: 'MIT',
46 silly install resolved     dependencies: { optimist: '>=0.3.4', colors: '>=0.6.0', mime: '>=1.2.9' },
46 silly install resolved     devDependencies: { request: 'latest', vows: 'latest' },
46 silly install resolved     version: '0.7.6',
46 silly install resolved     engines: { node: '>= 0.4.1' },
46 silly install resolved     bugs: { url: 'https://github.com/cloudhead/node-static/issues' },
46 silly install resolved     homepage: 'https://github.com/cloudhead/node-static',
46 silly install resolved     directories: { example: 'examples', test: 'test' },
46 silly install resolved     _id: 'node-static@0.7.6',
46 silly install resolved     dist:
46 silly install resolved      { shasum: 'ac032e40de6881fb5e4dadeed6e1d07d37268380',
46 silly install resolved        tarball: 'http://registry.npmjs.org/node-static/-/node-static-0.7.6.tgz' },
46 silly install resolved     _from: 'node-static@*',
46 silly install resolved     _npmVersion: '1.3.21',
46 silly install resolved     _npmUser: { name: 'phstc', email: 'pablo@pablocantero.com' },
46 silly install resolved     maintainers: [ [Object], [Object], [Object] ],
46 silly install resolved     _shasum: 'ac032e40de6881fb5e4dadeed6e1d07d37268380',
46 silly install resolved     _resolved: 'https://registry.npmjs.org/node-static/-/node-static-0.7.6.tgz' } ]
47 info install node-static@0.7.6 into /usr/local/lib
48 info installOne node-static@0.7.6
49 verbose installOne of node-static to /usr/local/lib not in flight; installing
50 verbose lock using /Users/gustavodelfim/.npm/_locks/node-static-bdc0099f99ada52d.lock for /usr/local/lib/node_modules/node-static
51 silly install write writing node-static 0.7.6 to /usr/local/lib/node_modules/node-static
52 silly cache addNamed cb node-static@0.7.6
53 verbose unbuild lib/node_modules/node-static
54 silly gentlyRm /usr/local/lib/node_modules/node-static is being purged from base /usr/local
55 verbose gentlyRm don't care about contents; nuking /usr/local/lib/node_modules/node-static
56 verbose tar unpack /Users/gustavodelfim/.npm/node-static/0.7.6/package.tgz
57 verbose tar unpacking to /usr/local/lib/node_modules/node-static
58 silly gentlyRm /usr/local/lib/node_modules/node-static is being purged
59 verbose gentlyRm don't care about contents; nuking /usr/local/lib/node_modules/node-static
60 silly gunzTarPerm modes [ '755', '644' ]
61 error tar.unpack untar error /Users/gustavodelfim/.npm/node-static/0.7.6/package.tgz
62 verbose unlock done using /Users/gustavodelfim/.npm/_locks/node-static-bdc0099f99ada52d.lock for /usr/local/lib/node_modules/node-static
63 verbose fstream_path /usr/local/lib/node_modules/node-static
64 verbose fstream_type Directory
65 verbose fstream_class DirWriter
66 verbose stack Error: EACCES, mkdir '/usr/local/lib/node_modules/node-static'
66 verbose stack     at Error (native)
67 verbose fstream_stack /usr/local/lib/node_modules/npm/node_modules/fstream/lib/dir-writer.js:36:23
67 verbose fstream_stack /usr/local/lib/node_modules/npm/node_modules/mkdirp/index.js:46:53
67 verbose fstream_stack FSReqWrap.oncomplete (fs.js:95:15)
68 verbose cwd /Users/gustavodelfim/Documents/Projetos Web/square
69 error Darwin 14.1.0
70 error argv "node" "/usr/local/bin/npm" "install" "-g" "node-static"
71 error node v0.12.2
72 error npm  v2.7.4
73 error path /usr/local/lib/node_modules/node-static
74 error code EACCES
75 error errno -13
76 error Error: EACCES, mkdir '/usr/local/lib/node_modules/node-static'
76 error     at Error (native)
76 error  { [Error: EACCES, mkdir '/usr/local/lib/node_modules/node-static']
76 error   errno: -13,
76 error   code: 'EACCES',
76 error   path: '/usr/local/lib/node_modules/node-static',
76 error   fstream_type: 'Directory',
76 error   fstream_path: '/usr/local/lib/node_modules/node-static',
76 error   fstream_class: 'DirWriter',
76 error   fstream_stack:
76 error    [ '/usr/local/lib/node_modules/npm/node_modules/fstream/lib/dir-writer.js:36:23',
76 error      '/usr/local/lib/node_modules/npm/node_modules/mkdirp/index.js:46:53',
76 error      'FSReqWrap.oncomplete (fs.js:95:15)' ] }
77 error Please try running this command again as root/Administrator.
78 verbose exit [ -13, true ]
79 verbose unbuild lib/node_modules/node-static
80 silly gentlyRm /usr/local/lib/node_modules/node-static is being purged from base /usr/local
81 verbose gentlyRm don't care about contents; nuking /usr/local/lib/node_modules/node-static
